130120 0900  22.78  Tune   7  20
130120 0900  22.78  PTT on  
130120 0900  42.87  Audio 0 
130120 0900  43.07  PTT Off 
130120 0901  85.21  Tune   7  20
130120 0901  85.21  PTT on  
130120 0901 105.06  Audio 0 
130120 0901 105.26  PTT Off 
130120 0904  17.54  Tune   6  30
130120 0904  17.54  PTT on  
130120 0904  37.61  Audio 0 
130120 0904  37.81  PTT Off 
130120 0904  49.75  Tune   6  30
130120 0904  49.76  PTT on  
130120 0910   9.13  Tune   6  30
130120 0910   9.13  PTT on  
130120 0910  29.20  Audio 0 
130120 0910  29.40  PTT Off 
130120 0910  42.95  Tune   6  30
130120 0910  42.95  PTT on  
130120 0911  62.78  Audio 0 
130120 0911  62.98  PTT Off 
130120 0913 105.30  Tune   6  30
130120 0913 105.30  PTT on  
130120 0914   5.41  Audio 0 
130120 0914   5.61  PTT Off 
130120 0914  25.49  Tune   6  30
130120 0914  25.49  PTT on  
130120 0914  45.37  Audio 0 
130120 0914  45.57  PTT Off 
130120 0916   0.14  Tx     6  30  JO3FUO PM74 37        
130120 0916   0.14  PTT on  
130120 0916   0.66  Tx Audio
130120 0917 111.97  Audio 0 
130120 0917 112.17  PTT Off 
130120 0918   0.01  Rx     6  30
130120 0919 114.30  Dec    6  30
130120 0920   0.11  Rx     6  30
130120 0921 114.40  Dec    6  30
130120 0922   0.20  Rx     6  30
130120 0922  43.25  Tune   6  30
130120 0922  43.25  PTT on  
130120 0923  63.38  Audio 0 
130120 0923  63.58  PTT Off 
130120 0924   0.10  Rx     6  30
130120 0925 114.39  Dec    6  30
130120 0926   0.19  Tx     6  30  JO3FUO PM74 37        
130120 0926   0.19  PTT on  
130120 0926   0.71  Tx Audio
130120 0927 112.03  Audio 0 
130120 0927 112.23  PTT Off 
130120 0928   0.07  Tx     6  30  JO3FUO PM74 37        
130120 0928   0.07  PTT on  
130120 0928   0.30  Tx Audio
130120 0929 110.15  Tune   6  30
130120 0929 110.15  PTT on  
130120 0932  50.62  Tune   6  30
130120 0932  50.62  PTT on  
130120 0933  70.75  Audio 0 
130120 0933  70.94  PTT Off 
130120 0933  87.65  Tune   6  30
130120 0933  87.65  PTT on  
130120 0933 107.53  Audio 0 
130120 0933 107.73  PTT Off 
130120 0934   0.07  Rx     6  30
130120 0935 114.36  Dec    6  30
130120 0936   0.16  Tx     6  30  JO3FUO PM74 37        
130120 0936   0.16  PTT on  
130120 0936   0.67  Tx Audio
130120 0937 111.99  Audio 0 
130120 0937 112.18  PTT Off 
130120 0938   0.04  Rx     6  30
